20170929 07:47:42.616357Z  2909 INFO  Server now is ready to accept connection - db.cc:122
20170929 07:47:42.616449Z  2909 INFO  DB path: /tmp/db/meta - db.cc:123
20170929 07:47:42.616455Z  2909 INFO  Load meta info form disk file path: /tmp/db/meta - db.cc:151
20170929 07:47:42.616592Z  2909 INFO  load list meta block: 548 - db.cc:196
20170929 07:47:42.616767Z  2909 INFO  load list meta block: 53 - db.cc:196
20170929 07:47:42.616791Z  2909 INFO  load list meta block: 706 - db.cc:196
20170929 07:47:42.616834Z  2909 INFO  load list meta block: mylist - db.cc:196
20170929 07:47:42.616876Z  2909 INFO  load list meta block: 968 - db.cc:196
20170929 07:47:42.616899Z  2909 INFO  load list meta block: 884 - db.cc:196
20170929 07:47:42.616992Z  2909 INFO  load list meta block: 283 - db.cc:196
20170929 07:47:42.617019Z  2909 INFO  load list meta block: 680 - db.cc:196
20170929 07:47:42.617057Z  2909 INFO  load list meta block: 594 - db.cc:196
20170929 07:47:42.617099Z  2909 INFO  load list meta block: 324 - db.cc:196
20170929 07:47:42.617121Z  2909 INFO  load list meta block: 559 - db.cc:196
20170929 07:47:42.617166Z  2909 INFO  load list meta block: 881 - db.cc:196
20170929 07:47:42.617251Z  2909 INFO  load list meta block: 603 - db.cc:196
20170929 07:47:42.617275Z  2909 INFO  load list meta block: 638 - db.cc:196
20170929 07:47:42.617296Z  2909 INFO  load list meta block: 601 - db.cc:196
20170929 07:47:42.617318Z  2909 INFO  load list meta block: 759 - db.cc:196
20170929 07:47:42.617338Z  2909 INFO  load list meta block: 846 - db.cc:196
20170929 07:47:42.617362Z  2909 INFO  load list meta block: 817 - db.cc:196
20170929 07:47:42.617384Z  2909 INFO  load list meta block: 865 - db.cc:196
20170929 07:47:42.617405Z  2909 INFO  load list meta block: 844 - db.cc:196
20170929 07:47:42.617427Z  2909 INFO  load list meta block: 677 - db.cc:196
20170929 07:47:42.617477Z  2909 INFO  load list meta block: 78 - db.cc:196
20170929 07:47:42.617524Z  2909 INFO  load list meta block: 653 - db.cc:196
20170929 07:47:42.617566Z  2909 INFO  load list meta block: mylist - db.cc:196
20170929 07:47:42.617587Z  2909 INFO  load list meta block: 555 - db.cc:196
20170929 07:47:42.617611Z  2909 INFO  load list meta block: 497 - db.cc:196
20170929 07:47:42.617649Z  2909 INFO  load list meta block: 640 - db.cc:196
20170929 07:47:42.617696Z  2909 INFO  load list meta block: 836 - db.cc:196
20170929 07:47:42.617737Z  2909 INFO  load list meta block: 245 - db.cc:196
20170929 07:47:42.617759Z  2909 INFO  load list meta block: 270 - db.cc:196
20170929 07:47:42.617838Z  2909 INFO  load list meta block: 349 - db.cc:196
20170929 07:47:42.617864Z  2909 INFO  load list meta block: 878 - db.cc:196
20170929 07:47:42.617883Z  2909 INFO  load list meta block: 341 - db.cc:196
20170929 07:47:42.617905Z  2909 INFO  load list meta block: 804 - db.cc:196
20170929 07:47:42.617926Z  2909 INFO  load list meta block: mylist - db.cc:196
20170929 07:47:42.617951Z  2909 INFO  load list meta block: 621 - db.cc:196
20170929 07:47:42.618012Z  2909 INFO  load list meta block: 833 - db.cc:196
20170929 07:47:42.618034Z  2909 INFO  load list meta block: 335 - db.cc:196
20170929 07:47:42.618077Z  2909 INFO  load list meta block: 170 - db.cc:196
20170929 07:47:42.618120Z  2909 INFO  load list meta block: 437 - db.cc:196
20170929 07:47:42.618140Z  2909 INFO  load list meta block: 695 - db.cc:196
20170929 07:47:42.618161Z  2909 INFO  load list meta block: 565 - db.cc:196
20170929 07:47:42.618185Z  2909 INFO  load list meta block: 632 - db.cc:196
20170929 07:47:42.618205Z  2909 INFO  load list meta block: 993 - db.cc:196
20170929 07:47:42.618286Z  2909 INFO  load list meta block: 756 - db.cc:196
20170929 07:47:42.618307Z  2909 INFO  load list meta block: 542 - db.cc:196
20170929 07:47:42.618328Z  2909 INFO  load list meta block: 20 - db.cc:196
20170929 07:47:42.618376Z  2909 INFO  load list meta block: 696 - db.cc:196
20170929 07:47:42.618396Z  2909 INFO  load list meta block: 914 - db.cc:196
20170929 07:47:42.618417Z  2909 INFO  load list meta block: 552 - db.cc:196
20170929 07:47:42.618441Z  2909 INFO  load list meta block: 307 - db.cc:196
20170929 07:47:42.618579Z  2909 INFO  load list meta block: 655 - db.cc:196
20170929 07:47:42.618624Z  2909 INFO  load list meta block: 45 - db.cc:196
20170929 07:47:42.618677Z  2909 INFO  load list meta block: 46 - db.cc:196
20170929 07:47:42.618777Z  2909 INFO  load list meta block: 887 - db.cc:196
20170929 07:47:42.618823Z  2909 INFO  load list meta block: 237 - db.cc:196
20170929 07:47:42.618844Z  2909 INFO  load list meta block: mylist - db.cc:196
20170929 07:47:42.618935Z  2909 INFO  load list meta block: 498 - db.cc:196
20170929 07:47:42.618960Z  2909 INFO  load list meta block: 465 - db.cc:196
20170929 07:47:42.619001Z  2909 INFO  load list meta block: 438 - db.cc:196
20170929 07:47:42.619080Z  2909 INFO  load list meta block: 242 - db.cc:196
20170929 07:47:42.619125Z  2909 INFO  load list meta block: 345 - db.cc:196
20170929 07:47:42.619149Z  2909 INFO  load list meta block: 217 - db.cc:196
20170929 07:47:42.619215Z  2909 INFO  load list meta block: 809 - db.cc:196
20170929 07:47:42.619381Z  2909 INFO  load list meta block: 546 - db.cc:196
20170929 07:47:42.619446Z  2909 INFO  load list meta block: 654 - db.cc:196
20170929 07:47:42.619468Z  2909 INFO  load list meta block: 571 - db.cc:196
20170929 07:47:42.619512Z  2909 INFO  load list meta block: 475 - db.cc:196
20170929 07:47:42.619533Z  2909 INFO  load list meta block: 451 - db.cc:196
20170929 07:47:42.619578Z  2909 INFO  load list meta block: 746 - db.cc:196
20170929 07:47:42.619641Z  2909 INFO  load list meta block: 131 - db.cc:196
20170929 07:47:42.619666Z  2909 INFO  load list meta block: 399 - db.cc:196
20170929 07:47:42.619687Z  2909 INFO  load list meta block: 710 - db.cc:196
20170929 07:47:42.619707Z  2909 INFO  load list meta block: mylist - db.cc:196
20170929 07:47:42.619751Z  2909 INFO  load list meta block: 668 - db.cc:196
20170929 07:47:42.619792Z  2909 INFO  load list meta block: 776 - db.cc:196
20170929 07:47:42.619875Z  2909 INFO  load list meta block: 769 - db.cc:196
20170929 07:47:42.619918Z  2909 INFO  load list meta block: 496 - db.cc:196
20170929 07:47:42.620004Z  2909 INFO  load list meta block: mylist - db.cc:196
20170929 07:47:42.620024Z  2909 INFO  load list meta block: 992 - db.cc:196
20170929 07:47:42.620092Z  2909 INFO  load list meta block: 911 - db.cc:196
20170929 07:47:42.620115Z  2909 INFO  load list meta block: 236 - db.cc:196
20170929 07:47:42.620136Z  2909 INFO  load list meta block: 343 - db.cc:196
20170929 07:47:42.620185Z  2909 INFO  load list meta block: 530 - db.cc:196
20170929 07:47:42.620207Z  2909 INFO  load list meta block: 50 - db.cc:196
20170929 07:47:42.620356Z  2909 INFO  load list meta block: 728 - db.cc:196
20170929 07:47:42.620422Z  2909 INFO  load list meta block: 545 - db.cc:196
20170929 07:47:42.620463Z  2909 INFO  load list meta block: 665 - db.cc:196
20170929 07:47:42.620530Z  2909 INFO  load list meta block: 796 - db.cc:196
20170929 07:47:42.620552Z  2909 INFO  load list meta block: 866 - db.cc:196
20170929 07:47:42.620577Z  2909 INFO  load list meta block: 397 - db.cc:196
20170929 07:47:42.620602Z  2909 INFO  load list meta block: 150 - db.cc:196
20170929 07:47:42.620626Z  2909 INFO  load list meta block: 825 - db.cc:196
20170929 07:47:42.620691Z  2909 INFO  load list meta block: 539 - db.cc:196
20170929 07:47:42.620757Z  2909 INFO  load list meta block: 279 - db.cc:196
20170929 07:47:42.620779Z  2909 INFO  load list meta block: 787 - db.cc:196
20170929 07:47:42.620848Z  2909 INFO  load list meta block: 578 - db.cc:196
20170929 07:47:42.620894Z  2909 INFO  load list meta block: 470 - db.cc:196
20170929 07:47:42.620961Z  2909 INFO  load list meta block: 786 - db.cc:196
20170929 07:47:42.620982Z  2909 INFO  load list meta block: 495 - db.cc:196
20170929 07:47:42.621005Z  2909 INFO  load list meta block: 916 - db.cc:196
20170929 07:47:42.621031Z  2909 INFO  load list meta block: 867 - db.cc:196
20170929 07:47:42.621103Z  2909 INFO  load list meta block: mylist - db.cc:196
20170929 07:47:42.621130Z  2909 INFO  load list meta block: 747 - db.cc:196
20170929 07:47:42.621240Z  2909 INFO  load list meta block: 99 - db.cc:196
20170929 07:47:42.621477Z  2909 INFO  load list meta block: 679 - db.cc:196
20170929 07:47:42.621528Z  2909 INFO  load list meta block: 661 - db.cc:196
20170929 07:47:42.621572Z  2909 INFO  load list meta block: 643 - db.cc:196
20170929 07:47:42.621600Z  2909 INFO  load list meta block: 961 - db.cc:196
20170929 07:47:42.621622Z  2909 INFO  load list meta block: 711 - db.cc:196
20170929 07:47:42.621647Z  2909 INFO  load list meta block: 905 - db.cc:196
20170929 07:47:42.621699Z  2909 INFO  load list meta block: 278 - db.cc:196
20170929 07:47:42.621722Z  2909 INFO  load list meta block: 5 - db.cc:196
20170929 07:47:42.621744Z  2909 INFO  load list meta block: 288 - db.cc:196
20170929 07:47:42.621834Z  2909 INFO  load list meta block: 902 - db.cc:196
20170929 07:47:42.621951Z  2909 INFO  load list meta block: 262 - db.cc:196
20170929 07:47:42.622001Z  2909 INFO  load list meta block: 637 - db.cc:196
20170929 07:47:42.622024Z  2909 INFO  load list meta block: 478 - db.cc:196
20170929 07:47:42.622134Z  2909 INFO  load list meta block: 32 - db.cc:196
20170929 07:47:42.622249Z  2909 INFO  load list meta block: 239 - db.cc:196
20170929 07:47:42.622278Z  2909 INFO  load list meta block: 957 - db.cc:196
20170929 07:47:42.622300Z  2909 INFO  load list meta block: 300 - db.cc:196
20170929 07:47:42.622324Z  2909 INFO  load list meta block: 697 - db.cc:196
20170929 07:47:42.622369Z  2909 INFO  load list meta block: 806 - db.cc:196
20170929 07:47:42.622503Z  2909 INFO  load list meta block: 291 - db.cc:196
20170929 07:47:42.622550Z  2909 INFO  load list meta block: 745 - db.cc:196
20170929 07:47:42.622575Z  2909 INFO  load list meta block: 490 - db.cc:196
20170929 07:47:42.622619Z  2909 INFO  load list meta block: 471 - db.cc:196
20170929 07:47:42.622679Z  2909 INFO  load list meta block: 757 - db.cc:196
20170929 07:47:42.622719Z  2909 INFO  load list meta block: 419 - db.cc:196
20170929 07:47:42.622785Z  2909 INFO  load list meta block: 24 - db.cc:196
20170929 07:47:42.622872Z  2909 INFO  load list meta block: 830 - db.cc:196
20170929 07:47:42.622895Z  2909 INFO  load list meta block: 61 - db.cc:196
20170929 07:47:42.622917Z  2909 INFO  load list meta block: 963 - db.cc:196
20170929 07:47:42.622957Z  2909 INFO  load list meta block: 973 - db.cc:196
20170929 07:47:42.623001Z  2909 INFO  load list meta block: 924 - db.cc:196
20170929 07:47:42.623022Z  2909 INFO  load list meta block: 832 - db.cc:196
20170929 07:47:42.623042Z  2909 INFO  load list meta block: 720 - db.cc:196
20170929 07:47:42.623068Z  2909 INFO  load list meta block: 188 - db.cc:196
20170929 07:47:42.623108Z  2909 INFO  load list meta block: 642 - db.cc:196
20170929 07:47:42.623174Z  2909 INFO  load list meta block: 682 - db.cc:196
20170929 07:47:42.623237Z  2909 INFO  load list meta block: 83 - db.cc:196
20170929 07:47:42.623260Z  2909 INFO  load list meta block: 362 - db.cc:196
20170929 07:47:42.623281Z  2909 INFO  load list meta block: 122 - db.cc:196
20170929 07:47:42.623306Z  2909 INFO  load list meta block: 51 - db.cc:196
20170929 07:47:42.623350Z  2909 INFO  load list meta block: 875 - db.cc:196
20170929 07:47:42.623394Z  2909 INFO  load list meta block: 90 - db.cc:196
20170929 07:47:42.623417Z  2909 INFO  load list meta block: 566 - db.cc:196
20170929 07:47:42.623506Z  2909 INFO  load list meta block: 176 - db.cc:196
20170929 07:47:42.623571Z  2909 INFO  load list meta block: 770 - db.cc:196
20170929 07:47:42.623593Z  2909 INFO  load list meta block: 616 - db.cc:196
20170929 07:47:42.623613Z  2909 INFO  load list meta block: 256 - db.cc:196
20170929 07:47:42.623634Z  2909 INFO  load list meta block: 929 - db.cc:196
20170929 07:47:42.623657Z  2909 INFO  load list meta block: 997 - db.cc:196
20170929 07:47:42.623678Z  2909 INFO  load list meta block: 690 - db.cc:196
20170929 07:47:42.623700Z  2909 INFO  load list meta block: 835 - db.cc:196
20170929 07:47:42.623721Z  2909 INFO  load list meta block: 130 - db.cc:196
20170929 07:47:42.623784Z  2909 INFO  load list meta block: 34 - db.cc:196
20170929 07:47:42.623849Z  2909 INFO  load list meta block: 681 - db.cc:196
20170929 07:47:42.624283Z  2909 INFO  load list meta block: 619 - db.cc:196
20170929 07:47:42.624375Z  2909 INFO  load list meta block: mylist - db.cc:196
20170929 07:47:42.624457Z  2909 INFO  load list meta block: 139 - db.cc:196
20170929 07:47:42.624481Z  2909 INFO  load list meta block: 935 - db.cc:196
20170929 07:47:42.624502Z  2909 INFO  load list meta block: 292 - db.cc:196
20170929 07:47:42.624586Z  2909 INFO  load list meta block: 356 - db.cc:196
20170929 07:47:42.624633Z  2909 INFO  load list meta block: 984 - db.cc:196
20170929 07:47:42.624711Z  2909 INFO  load list meta block: 452 - db.cc:196
20170929 07:47:42.624732Z  2909 INFO  load list meta block: 384 - db.cc:196
20170929 07:47:42.624779Z  2909 INFO  load list meta block: 186 - db.cc:196
20170929 07:47:42.624837Z  2909 INFO  load list meta block: 255 - db.cc:196
20170929 07:47:42.624863Z  2909 INFO  load list meta block: 485 - db.cc:196
20170929 07:47:42.624885Z  2909 INFO  load list meta block: 115 - db.cc:196
20170929 07:47:42.624947Z  2909 INFO  load list meta block: 782 - db.cc:196
20170929 07:47:42.624969Z  2909 INFO  load list meta block: 484 - db.cc:196
20170929 07:47:42.625008Z  2909 INFO  load list meta block: 523 - db.cc:196
20170929 07:47:42.625068Z  2909 INFO  load list meta block: 868 - db.cc:196
20170929 07:47:42.625091Z  2909 INFO  load list meta block: 810 - db.cc:196
20170929 07:47:42.625131Z  2909 INFO  load list meta block: 179 - db.cc:196
20170929 07:47:42.625177Z  2909 INFO  load list meta block: 538 - db.cc:196
20170929 07:47:42.625197Z  2909 INFO  load list meta block: 510 - db.cc:196
20170929 07:47:42.625217Z  2909 INFO  load list meta block: 381 - db.cc:196
20170929 07:47:42.625237Z  2909 INFO  load list meta block: 860 - db.cc:196
20170929 07:47:42.625260Z  2909 INFO  load list meta block: 204 - db.cc:196
20170929 07:47:42.625282Z  2909 INFO  load list meta block: 633 - db.cc:196
20170929 07:47:42.625302Z  2909 INFO  load list meta block: 212 - db.cc:196
20170929 07:47:42.625345Z  2909 INFO  load list meta block: 626 - db.cc:196
20170929 07:47:42.625594Z  2909 INFO  load list meta block: 811 - db.cc:196
20170929 07:47:42.625629Z  2909 INFO  load list meta block: 135 - db.cc:196
20170929 07:47:42.625704Z  2909 INFO  load list meta block: 482 - db.cc:196
20170929 07:47:42.625725Z  2909 INFO  load list meta block: 38 - db.cc:196
20170929 07:47:42.625769Z  2909 INFO  load list meta block: 840 - db.cc:196
20170929 07:47:42.625790Z  2909 INFO  load list meta block: 185 - db.cc:196
20170929 07:47:42.625831Z  2909 INFO  load list meta block: 502 - db.cc:196
20170929 07:47:42.625856Z  2909 INFO  load list meta block: 636 - db.cc:196
20170929 07:47:42.625878Z  2909 INFO  load list meta block: mylist - db.cc:196
20170929 07:47:42.625899Z  2909 INFO  load list meta block: 187 - db.cc:196
20170929 07:47:42.625962Z  2909 INFO  load list meta block: 408 - db.cc:196
20170929 07:47:42.626040Z  2909 INFO  load list meta block: 904 - db.cc:196
20170929 07:47:42.626060Z  2909 INFO  load list meta block: 293 - db.cc:196
20170929 07:47:42.626120Z  2909 INFO  load list meta block: mylist - db.cc:196
20170929 07:47:42.626140Z  2909 INFO  load list meta block: 213 - db.cc:196
20170929 07:47:42.626160Z  2909 INFO  load list meta block: 879 - db.cc:196
20170929 07:47:42.626220Z  2909 INFO  load list meta block: 910 - db.cc:196
20170929 07:47:42.626300Z  2909 INFO  load list meta block: 88 - db.cc:196
20170929 07:47:42.626323Z  2909 INFO  load list meta block: mylist - db.cc:196
20170929 07:47:42.626402Z  2909 INFO  load list meta block: 303 - db.cc:196
20170929 07:47:42.626422Z  2909 INFO  load list meta block: 8 - db.cc:196
20170929 07:47:42.626442Z  2909 INFO  load list meta block: mylist - db.cc:196
20170929 07:47:42.626463Z  2909 INFO  load list meta block: 467 - db.cc:196
20170929 07:47:42.626539Z  2909 INFO  load list meta block: 457 - db.cc:196
20170929 07:47:42.626615Z  2909 INFO  load list meta block: mylist - db.cc:196
20170929 07:47:42.626635Z  2909 INFO  load list meta block: 508 - db.cc:196
20170929 07:47:42.626880Z  2909 INFO  load list meta block: 420 - db.cc:196
20170929 07:47:42.626910Z  2909 INFO  load list meta block: mylist - db.cc:196
20170929 07:47:42.626931Z  2909 INFO  load list meta block: 140 - db.cc:196
20170929 07:47:42.626952Z  2909 INFO  load list meta block: 949 - db.cc:196
20170929 07:47:42.626997Z  2909 INFO  load list meta block: 954 - db.cc:196
20170929 07:47:42.627019Z  2909 INFO  load list meta block: mylist - db.cc:196
20170929 07:47:42.627041Z  2909 INFO  load list meta block: 148 - db.cc:196
20170929 07:47:42.627065Z  2909 INFO  load list meta block: mylist - db.cc:196
20170929 07:47:42.627103Z  2909 INFO  load list meta block: 753 - db.cc:196
20170929 07:47:42.627164Z  2909 INFO  load list meta block: 737 - db.cc:196
20170929 07:47:42.627186Z  2909 INFO  load list meta block: 180 - db.cc:196
20170929 07:47:42.627205Z  2909 INFO  load list meta block: 862 - db.cc:196
20170929 07:47:42.627229Z  2909 INFO  load list meta block: 143 - db.cc:196
20170929 07:47:42.627307Z  2909 INFO  load list meta block: mylist - db.cc:196
20170929 07:47:42.627328Z  2909 INFO  load list meta block: 447 - db.cc:196
20170929 07:47:42.627347Z  2909 INFO  load list meta block: 912 - db.cc:196
20170929 07:47:42.627369Z  2909 INFO  load list meta block: 688 - db.cc:196
20170929 07:47:42.627393Z  2909 INFO  load list meta block: 588 - db.cc:196
20170929 07:47:42.627414Z  2909 INFO  load list meta block: 641 - db.cc:196
20170929 07:47:42.627436Z  2909 INFO  load list meta block: 33 - db.cc:196
20170929 07:47:42.627457Z  2909 INFO  load list meta block: 340 - db.cc:196
20170929 07:47:42.627522Z  2909 INFO  load list meta block: 950 - db.cc:196
20170929 07:47:42.627561Z  2909 INFO  load list meta block: 66 - db.cc:196
20170929 07:47:42.627603Z  2909 INFO  load list meta block: 648 - db.cc:196
20170929 07:47:42.627624Z  2909 INFO  load list meta block: 818 - db.cc:196
20170929 07:47:42.627655Z  2909 INFO  load list meta block: 660 - db.cc:196
20170929 07:47:42.627698Z  2909 INFO  load list meta block: 841 - db.cc:196
20170929 07:47:42.627718Z  2909 INFO  load list meta block: 36 - db.cc:196
20170929 07:47:42.627738Z  2909 INFO  load list meta block: 6 - db.cc:196
20170929 07:47:42.627780Z  2909 INFO  load list meta block: 306 - db.cc:196
20170929 07:47:42.627800Z  2909 INFO  load list meta block: 235 - db.cc:196
20170929 07:47:42.627820Z  2909 INFO  load list meta block: 617 - db.cc:196
20170929 07:47:42.627840Z  2909 INFO  load list meta block: mylist - db.cc:196
20170929 07:47:42.627906Z  2909 INFO  load list meta block: 658 - db.cc:196
20170929 07:47:42.627984Z  2909 INFO  load list meta block: 586 - db.cc:196
20170929 07:47:42.628029Z  2909 INFO  load list meta block: 102 - db.cc:196
20170929 07:47:42.628089Z  2909 INFO  load list meta block: 772 - db.cc:196
20170929 07:47:42.628109Z  2909 INFO  load list meta block: 312 - db.cc:196
20170929 07:47:42.628129Z  2909 INFO  load list meta block: 564 - db.cc:196
20170929 07:47:42.628189Z  2909 INFO  load list meta block: 380 - db.cc:196
20170929 07:47:42.628210Z  2909 INFO  load list meta block: 839 - db.cc:196
20170929 07:47:42.628332Z  2909 INFO  load list meta block: 414 - db.cc:196
20170929 07:47:42.628354Z  2909 INFO  load list meta block: 10 - db.cc:196
20170929 07:47:42.628375Z  2909 INFO  load list meta block: 160 - db.cc:196
20170929 07:47:42.628395Z  2909 INFO  load list meta block: 536 - db.cc:196
20170929 07:47:42.628438Z  2909 INFO  load list meta block: 196 - db.cc:196
20170929 07:47:42.628458Z  2909 INFO  load list meta block: 316 - db.cc:196
20170929 07:47:42.628501Z  2909 INFO  load list meta block: 400 - db.cc:196
20170929 07:47:42.628520Z  2909 INFO  load list meta block: 708 - db.cc:196
20170929 07:47:42.628562Z  2909 INFO  load list meta block: 413 - db.cc:196
20170929 07:47:42.628581Z  2909 INFO  load list meta block: 299 - db.cc:196
20170929 07:47:42.628601Z  2909 INFO  load list meta block: 321 - db.cc:196
20170929 07:47:42.628621Z  2909 INFO  load list meta block: 828 - db.cc:196
20170929 07:47:42.628673Z  2909 INFO  load list meta block: 398 - db.cc:196
20170929 07:47:42.628864Z  2909 INFO  load list meta block: 76 - db.cc:196
20170929 07:47:42.628887Z  2909 INFO  load list meta block: 211 - db.cc:196
20170929 07:47:42.628948Z  2909 INFO  load list meta block: 113 - db.cc:196
20170929 07:47:42.629046Z  2909 INFO  load list meta block: 657 - db.cc:196
20170929 07:47:42.629089Z  2909 INFO  load list meta block: 267 - db.cc:196
20170929 07:47:42.629108Z  2909 INFO  load list meta block: 848 - db.cc:196
20170929 07:47:42.629127Z  2909 INFO  load list meta block: mylist - db.cc:196
20170929 07:47:42.629170Z  2909 INFO  load list meta block: 554 - db.cc:196
20170929 07:47:42.629230Z  2909 INFO  load list meta block: 338 - db.cc:196
20170929 07:47:42.629250Z  2909 INFO  load list meta block: mylist - db.cc:196
20170929 07:47:42.629330Z  2909 INFO  load list meta block: 366 - db.cc:196
20170929 07:47:42.629389Z  2909 INFO  load list meta block: 205 - db.cc:196
20170929 07:47:42.629450Z  2909 INFO  load list meta block: 234 - db.cc:196
20170929 07:47:42.629471Z  2909 INFO  load list meta block: 579 - db.cc:196
20170929 07:47:42.629492Z  2909 INFO  load list meta block: 762 - db.cc:196
20170929 07:47:42.629511Z  2909 INFO  load list meta block: 731 - db.cc:196
20170929 07:47:42.629555Z  2909 INFO  load list meta block: mylist - db.cc:196
20170929 07:47:42.629594Z  2909 INFO  load list meta block: 233 - db.cc:196
20170929 07:47:42.629616Z  2909 INFO  load list meta block: 493 - db.cc:196
20170929 07:47:42.629706Z  2909 INFO  load list meta block: 779 - db.cc:196
20170929 07:47:42.629768Z  2909 INFO  load list meta block: 702 - db.cc:196
20170929 07:47:42.629788Z  2909 INFO  load list meta block: mylist - db.cc:196
20170929 07:47:42.629827Z  2909 INFO  load list meta block: 607 - db.cc:196
20170929 07:47:42.629852Z  2909 INFO  load list meta block: 960 - db.cc:196
20170929 07:47:42.629872Z  2909 INFO  load list meta block: 611 - db.cc:196
20170929 07:47:42.629954Z  2909 INFO  load list meta block: mylist - db.cc:196
20170929 07:47:42.630015Z  2909 INFO  load list meta block: 297 - db.cc:196
20170929 07:47:42.630034Z  2909 INFO  load list meta block: 221 - db.cc:196
20170929 07:47:42.630115Z  2909 INFO  load list meta block: 991 - db.cc:196
20170929 07:47:42.630177Z  2909 INFO  load list meta block: 758 - db.cc:196
20170929 07:47:42.630197Z  2909 INFO  load list meta block: 55 - db.cc:196
20170929 07:47:42.630295Z  2909 INFO  load list meta block: 247 - db.cc:196
20170929 07:47:42.630326Z  2909 INFO  load list meta block: 850 - db.cc:196
20170929 07:47:42.630547Z  2909 INFO  load list meta block: 173 - db.cc:196
20170929 07:47:42.630577Z  2909 INFO  load list meta block: 687 - db.cc:196
20170929 07:47:42.630599Z  2909 INFO  load list meta block: 925 - db.cc:196
20170929 07:47:42.630640Z  2909 INFO  load list meta block: 448 - db.cc:196
20170929 07:47:42.630703Z  2909 INFO  load list meta block: 903 - db.cc:196
20170929 07:47:42.630803Z  2909 INFO  load list meta block: 317 - db.cc:196
20170929 07:47:42.630865Z  2909 INFO  load list meta block: 834 - db.cc:196
20170929 07:47:42.630885Z  2909 INFO  load list meta block: 149 - db.cc:196
20170929 07:47:42.630949Z  2909 INFO  load list meta block: 693 - db.cc:196
20170929 07:47:42.630973Z  2909 INFO  load list meta block: 685 - db.cc:196
20170929 07:47:42.630994Z  2909 INFO  load list meta block: 112 - db.cc:196
20170929 07:47:42.631015Z  2909 INFO  load list meta block: 203 - db.cc:196
20170929 07:47:42.631035Z  2909 INFO  load list meta block: 609 - db.cc:196
20170929 07:47:42.631058Z  2909 INFO  load list meta block: 883 - db.cc:196
20170929 07:47:42.631118Z  2909 INFO  load list meta block: mylist - db.cc:196
20170929 07:47:42.631181Z  2909 INFO  load list meta block: mylist - db.cc:196
20170929 07:47:42.631204Z  2909 INFO  load list meta block: 225 - db.cc:196
20170929 07:47:42.631228Z  2909 INFO  load list meta block: 556 - db.cc:196
20170929 07:47:42.631247Z  2909 INFO  load list meta block: 323 - db.cc:196
20170929 07:47:42.631310Z  2909 INFO  load list meta block: 521 - db.cc:196
20170929 07:47:42.631351Z  2909 INFO  load list meta block: 206 - db.cc:196
20170929 07:47:42.631569Z  2909 INFO  load list meta block: 859 - db.cc:196
20170929 07:47:42.631645Z  2909 INFO  load list meta block: 216 - db.cc:196
20170929 07:47:42.631705Z  2909 INFO  load list meta block: 446 - db.cc:196
20170929 07:47:42.631749Z  2909 INFO  load list meta block: 431 - db.cc:196
20170929 07:47:42.631791Z  2909 INFO  load list meta block: 387 - db.cc:196
20170929 07:47:42.631871Z  2909 INFO  load list meta block: 23 - db.cc:196
20170929 07:47:42.631914Z  2909 INFO  load list meta block: 712 - db.cc:196
20170929 07:47:42.631953Z  2909 INFO  load list meta block: 93 - db.cc:196
20170929 07:47:42.632036Z  2909 INFO  load list meta block: 147 - db.cc:196
20170929 07:47:42.632057Z  2909 INFO  load list meta block: 675 - db.cc:196
20170929 07:47:42.632099Z  2909 INFO  load list meta block: 815 - db.cc:196
20170929 07:47:42.632139Z  2909 INFO  load list meta block: 987 - db.cc:196
20170929 07:47:42.632164Z  2909 INFO  load list meta block: 57 - db.cc:196
20170929 07:47:42.632228Z  2909 INFO  load list meta block: mylist - db.cc:196
20170929 07:47:42.632251Z  2909 INFO  load list meta block: 396 - db.cc:196
20170929 07:47:42.632272Z  2909 INFO  load list meta block: 513 - db.cc:196
20170929 07:47:42.632297Z  2909 INFO  load list meta block: 342 - db.cc:196
20170929 07:47:42.632365Z  2909 INFO  load list meta block: 74 - db.cc:196
20170929 07:47:42.632428Z  2909 INFO  load list meta block: 395 - db.cc:196
20170929 07:47:42.632450Z  2909 INFO  load list meta block: 939 - db.cc:196
20170929 07:47:42.632471Z  2909 INFO  load list meta block: mylist - db.cc:196
20170929 07:47:42.632556Z  2909 INFO  load list meta block: 888 - db.cc:196
20170929 07:47:42.632581Z  2909 INFO  load list meta block: 58 - db.cc:196
20170929 07:47:42.632689Z  2909 INFO  load list meta block: 585 - db.cc:196
20170929 07:47:42.632783Z  2909 INFO  load list meta block: 361 - db.cc:196
20170929 07:47:42.632981Z  2909 INFO  load list meta block: 64 - db.cc:196
20170929 07:47:42.633009Z  2909 INFO  load list meta block: 229 - db.cc:196
20170929 07:47:42.633031Z  2909 INFO  load list meta block: 337 - db.cc:196
20170929 07:47:42.633061Z  2909 INFO  load list meta block: 311 - db.cc:196
20170929 07:47:42.633123Z  2909 INFO  load list meta block: 967 - db.cc:196
20170929 07:47:42.633149Z  2909 INFO  load list meta block: 489 - db.cc:196
20170929 07:47:42.633232Z  2909 INFO  load list meta block: 802 - db.cc:196
20170929 07:47:42.633296Z  2909 INFO  load list meta block: 849 - db.cc:196
20170929 07:47:42.633341Z  2909 INFO  load list meta block: 13 - db.cc:196
20170929 07:47:42.633362Z  2909 INFO  load list meta block: 119 - db.cc:196
20170929 07:47:42.633385Z  2909 INFO  load list meta block: 748 - db.cc:196
20170929 07:47:42.633428Z  2909 INFO  load list meta block: 624 - db.cc:196
20170929 07:47:42.633449Z  2909 INFO  load list meta block: 244 - db.cc:196
20170929 07:47:42.633471Z  2909 INFO  load list meta block: 392 - db.cc:196
20170929 07:47:42.633498Z  2909 INFO  load list meta block: 995 - db.cc:196
20170929 07:47:42.633521Z  2909 INFO  load list meta block: 62 - db.cc:196
20170929 07:47:42.633566Z  2909 INFO  load list meta block: 111 - db.cc:196
20170929 07:47:42.633612Z  2909 INFO  load list meta block: 574 - db.cc:196
20170929 07:47:42.633634Z  2909 INFO  load list meta block: 568 - db.cc:196
20170929 07:47:42.633658Z  2909 INFO  load list meta block: 87 - db.cc:196
20170929 07:47:42.633680Z  2909 INFO  load list meta block: 886 - db.cc:196
20170929 07:47:42.633700Z  2909 INFO  load list meta block: 771 - db.cc:196
20170929 07:47:42.633768Z  2909 INFO  load list meta block: 401 - db.cc:196
20170929 07:47:42.633790Z  2909 INFO  load list meta block: 433 - db.cc:196
20170929 07:47:42.633811Z  2909 INFO  load list meta block: 199 - db.cc:196
20170929 07:47:42.633877Z  2909 INFO  load list meta block: 191 - db.cc:196
20170929 07:47:42.633898Z  2909 INFO  load list meta block: 826 - db.cc:196
20170929 07:47:42.633944Z  2909 INFO  load list meta block: 183 - db.cc:196
20170929 07:47:42.633965Z  2909 INFO  load list meta block: 190 - db.cc:196
20170929 07:47:42.634170Z  2909 INFO  load list meta block: 142 - db.cc:196
20170929 07:47:42.634201Z  2909 INFO  load list meta block: 169 - db.cc:196
20170929 07:47:42.634221Z  2909 INFO  load list meta block: 202 - db.cc:196
20170929 07:47:42.634242Z  2909 INFO  load list meta block: 727 - db.cc:196
20170929 07:47:42.634265Z  2909 INFO  load list meta block: 520 - db.cc:196
20170929 07:47:42.634309Z  2909 INFO  load list meta block: 285 - db.cc:196
20170929 07:47:42.634331Z  2909 INFO  load list meta block: 790 - db.cc:196
20170929 07:47:42.634354Z  2909 INFO  load list meta block: 890 - db.cc:196
20170929 07:47:42.634375Z  2909 INFO  load list meta block: 742 - db.cc:196
20170929 07:47:42.634395Z  2909 INFO  load list meta block: 157 - db.cc:196
20170929 07:47:42.634417Z  2909 INFO  load list meta block: mylist - db.cc:196
20170929 07:47:42.634442Z  2909 INFO  load list meta block: 224 - db.cc:196
20170929 07:47:42.634502Z  2909 INFO  load list meta block: 725 - db.cc:196
20170929 07:47:42.634526Z  2909 INFO  load list meta block: 382 - db.cc:196
20170929 07:47:42.634546Z  2909 INFO  load list meta block: 569 - db.cc:196
20170929 07:47:42.634565Z  2909 INFO  load list meta block: 503 - db.cc:196
20170929 07:47:42.634629Z  2909 INFO  load list meta block: 928 - db.cc:196
20170929 07:47:42.634651Z  2909 INFO  load list meta block: 266 - db.cc:196
20170929 07:47:42.634696Z  2909 INFO  load list meta block: 101 - db.cc:196
20170929 07:47:42.634717Z  2909 INFO  load list meta block: 29 - db.cc:196
20170929 07:47:42.634739Z  2909 INFO  load list meta block: 532 - db.cc:196
20170929 07:47:42.634782Z  2909 INFO  load list meta block: 741 - db.cc:196
20170929 07:47:42.634846Z  2909 INFO  load list meta block: 591 - db.cc:196
20170929 07:47:42.634866Z  2909 INFO  load list meta block: 422 - db.cc:196
20170929 07:47:42.634886Z  2909 INFO  load list meta block: 627 - db.cc:196
20170929 07:47:42.634949Z  2909 INFO  load list meta block: 40 - db.cc:196
20170929 07:47:42.634968Z  2909 INFO  load list meta block: mylist - db.cc:196
20170929 07:47:42.634989Z  2909 INFO  load list meta block: 369 - db.cc:196
20170929 07:47:42.635032Z  2909 INFO  load list meta block: 223 - db.cc:196
20170929 07:47:42.635072Z  2909 INFO  load list meta block: 722 - db.cc:196
20170929 07:47:42.635200Z  2909 INFO  load list meta block: 249 - db.cc:196
20170929 07:47:42.635224Z  2909 INFO  load list meta block: 375 - db.cc:196
20170929 07:47:42.635287Z  2909 INFO  load list meta block: mylist - db.cc:196
20170929 07:47:42.635329Z  2909 INFO  load list meta block: 807 - db.cc:196
20170929 07:47:42.635354Z  2909 INFO  load list meta block: 920 - db.cc:196
20170929 07:47:42.635374Z  2909 INFO  load list meta block: 827 - db.cc:196
20170929 07:47:42.635455Z  2909 INFO  load list meta block: 955 - db.cc:196
20170929 07:47:42.635475Z  2909 INFO  load list meta block: 181 - db.cc:196
20170929 07:47:42.635556Z  2909 INFO  load list meta block: 683 - db.cc:196
20170929 07:47:42.635650Z  2909 INFO  load list meta block: 907 - db.cc:196
20170929 07:47:42.635716Z  2909 INFO  load list meta block: 440 - db.cc:196
20170929 07:47:42.635738Z  2909 INFO  load list meta block: 703 - db.cc:196
20170929 07:47:42.635762Z  2909 INFO  load list meta block: 863 - db.cc:196
20170929 07:47:42.635782Z  2909 INFO  load list meta block: 174 - db.cc:196
20170929 07:47:42.635824Z  2909 INFO  load list meta block: 664 - db.cc:196
20170929 07:47:42.635845Z  2909 INFO  load list meta block: 649 - db.cc:196
20170929 07:47:42.635864Z  2909 INFO  load list meta block: 153 - db.cc:196
20170929 07:47:42.635884Z  2909 INFO  load list meta block: 537 - db.cc:196
20170929 07:47:42.635907Z  2909 INFO  load list meta block: 164 - db.cc:196
20170929 07:47:42.635927Z  2909 INFO  load list meta block: 932 - db.cc:196
20170929 07:47:42.635948Z  2909 INFO  load list meta block: 673 - db.cc:196
20170929 07:47:42.635971Z  2909 INFO  load list meta block: mylist - db.cc:196
20170929 07:47:42.635992Z  2909 INFO  load list meta block: 359 - db.cc:196
20170929 07:47:42.636011Z  2909 INFO  load list meta block: 426 - db.cc:196
20170929 07:47:42.636178Z  2909 INFO  load list meta block: 821 - db.cc:196
20170929 07:47:42.636201Z  2909 INFO  load list meta block: 347 - db.cc:196
20170929 07:47:42.636241Z  2909 INFO  load list meta block: 405 - db.cc:196
20170929 07:47:42.636260Z  2909 INFO  load list meta block: 52 - db.cc:196
20170929 07:47:42.636285Z  2909 INFO  load list meta block: 671 - db.cc:196
20170929 07:47:42.636307Z  2909 INFO  load list meta block: 37 - db.cc:196
20170929 07:47:42.636326Z  2909 INFO  load list meta block: 944 - db.cc:196
20170929 07:47:42.636345Z  2909 INFO  load list meta block: 801 - db.cc:196
20170929 07:47:42.636387Z  2909 INFO  load list meta block: 880 - db.cc:196
20170929 07:47:42.636448Z  2909 INFO  load list meta block: 934 - db.cc:196
20170929 07:47:42.636468Z  2909 INFO  load list meta block: 812 - db.cc:196
20170929 07:47:42.636488Z  2909 INFO  load list meta block: 837 - db.cc:196
20170929 07:47:42.636530Z  2909 INFO  load list meta block: 151 - db.cc:196
20170929 07:47:42.636569Z  2909 INFO  load list meta block: 639 - db.cc:196
20170929 07:47:42.636589Z  2909 INFO  load list meta block: 355 - db.cc:196
20170929 07:47:42.636657Z  2909 INFO  load list meta block: 518 - db.cc:196
20170929 07:47:42.636680Z  2909 INFO  load list meta block: mylist - db.cc:196
20170929 07:47:42.636723Z  2909 INFO  load list meta block: 427 - db.cc:196
20170929 07:47:42.636914Z  2909 INFO  load list meta block: 0 - db.cc:196
20170929 07:47:42.636938Z  2909 INFO  load list meta block: 390 - db.cc:196
20170929 07:47:42.637016Z  2909 INFO  load list meta block: mylist - db.cc:196
20170929 07:47:42.637186Z  2909 INFO  load list meta block: 432 - db.cc:196
20170929 07:47:42.637247Z  2909 INFO  load list meta block: 729 - db.cc:196
20170929 07:47:42.637267Z  2909 INFO  load list meta block: 891 - db.cc:196
20170929 07:47:42.637288Z  2909 INFO  load list meta block: 114 - db.cc:196
20170929 07:47:42.637307Z  2909 INFO  load list meta block: 385 - db.cc:196
20170929 07:47:42.637331Z  2909 INFO  load list meta block: 494 - db.cc:196
20170929 07:47:42.637370Z  2909 INFO  load list meta block: 926 - db.cc:196
20170929 07:47:42.637389Z  2909 INFO  load list meta block: 941 - db.cc:196
20170929 07:47:42.637448Z  2909 INFO  load list meta block: 357 - db.cc:196
20170929 07:47:42.637493Z  2909 INFO  load list meta block: 192 - db.cc:196
20170929 07:47:42.637530Z  2909 INFO  load list meta block: 329 - db.cc:196
20170929 07:47:42.637554Z  2909 INFO  load list meta block: 808 - db.cc:196
20170929 07:47:42.637577Z  2909 INFO  load list meta block: mylist - db.cc:196
20170929 07:47:42.637616Z  2909 INFO  load list meta block: 429 - db.cc:196
20170929 07:47:42.637648Z  2909 INFO  load list meta block: 210 - db.cc:196
20170929 07:47:42.637708Z  2909 INFO  load list meta block: 614 - db.cc:196
20170929 07:47:42.637768Z  2909 INFO  load list meta block: 238 - db.cc:196
20170929 07:47:42.637788Z  2909 INFO  load list meta block: 794 - db.cc:196
20170929 07:47:42.637874Z  2909 INFO  load list meta block: 977 - db.cc:196
20170929 07:47:42.637899Z  2909 INFO  load list meta block: 207 - db.cc:196
20170929 07:47:42.637920Z  2909 INFO  load list meta block: 208 - db.cc:196
20170929 07:47:42.638044Z  2909 INFO  load list meta block: 73 - db.cc:196
20170929 07:47:42.638069Z  2909 INFO  load list meta block: 872 - db.cc:196
20170929 07:47:42.638091Z  2909 INFO  load list meta block: 500 - db.cc:196
20170929 07:47:42.638133Z  2909 INFO  load list meta block: 464 - db.cc:196
20170929 07:47:42.638198Z  2909 INFO  load list meta block: 930 - db.cc:196
20170929 07:47:42.638218Z  2909 INFO  load list meta block: mylist - db.cc:196
20170929 07:47:42.638290Z  2909 INFO  load list meta block: 672 - db.cc:196
20170929 07:47:42.638318Z  2909 INFO  load list meta block: 512 - db.cc:196
20170929 07:47:42.638354Z  2909 INFO  load list meta block: 472 - db.cc:196
20170929 07:47:42.638429Z  2909 INFO  load list meta block: 301 - db.cc:196
20170929 07:47:42.638451Z  2909 INFO  load list meta block: 65 - db.cc:196
20170929 07:47:42.638664Z  2909 INFO  load list meta block: 367 - db.cc:196
20170929 07:47:42.638687Z  2909 INFO  load list meta block: 970 - db.cc:196
20170929 07:47:42.638751Z  2909 INFO  load list meta block: 44 - db.cc:196
20170929 07:47:42.638830Z  2909 INFO  load list meta block: 435 - db.cc:196
20170929 07:47:42.638853Z  2909 INFO  load list meta block: 241 - db.cc:196
20170929 07:47:42.638957Z  2909 INFO  load list meta block: 47 - db.cc:196
20170929 07:47:42.638977Z  2909 INFO  load list meta block: 428 - db.cc:196
20170929 07:47:42.639020Z  2909 INFO  load list meta block: 694 - db.cc:196
20170929 07:47:42.639158Z  2909 INFO  load list meta block: 172 - db.cc:196
20170929 07:47:42.639218Z  2909 INFO  load list meta block: 595 - db.cc:196
20170929 07:47:42.639298Z  2909 INFO  load list meta block: 805 - db.cc:196
20170929 07:47:42.639341Z  2909 INFO  load list meta block: 876 - db.cc:196
20170929 07:47:42.639360Z  2909 INFO  load list meta block: 824 - db.cc:196
20170929 07:47:42.639382Z  2909 INFO  load list meta block: 608 - db.cc:196
20170929 07:47:42.639423Z  2909 INFO  load list meta block: 646 - db.cc:196
20170929 07:47:42.639462Z  2909 INFO  load list meta block: 138 - db.cc:196
20170929 07:47:42.639487Z  2909 INFO  load list meta block: 976 - db.cc:196
20170929 07:47:42.639513Z  2909 INFO  load list meta block: 404 - db.cc:196
20170929 07:47:42.639554Z  2909 INFO  load list meta block: 332 - db.cc:196
20170929 07:47:42.639597Z  2909 INFO  load list meta block: 701 - db.cc:196
20170929 07:47:42.639637Z  2909 INFO  load list meta block: 922 - db.cc:196
20170929 07:47:42.639731Z  2909 INFO  load list meta block: 651 - db.cc:196
20170929 07:47:42.639755Z  2909 INFO  load list meta block: 480 - db.cc:196
20170929 07:47:42.639775Z  2909 INFO  load list meta block: 974 - db.cc:196
20170929 07:47:42.639816Z  2909 INFO  load list meta block: 760 - db.cc:196
20170929 07:47:42.639841Z  2909 INFO  load list meta block: 592 - db.cc:196
20170929 07:47:42.639860Z  2909 INFO  load list meta block: 666 - db.cc:196
20170929 07:47:42.639879Z  2909 INFO  load list meta block: 909 - db.cc:196
20170929 07:47:42.639942Z  2909 INFO  load list meta block: 952 - db.cc:196
20170929 07:47:42.639964Z  2909 INFO  load list meta block: 553 - db.cc:196
20170929 07:47:42.639985Z  2909 INFO  load list meta block: 302 - db.cc:196
20170929 07:47:42.640050Z  2909 INFO  load list meta block: 134 - db.cc:196
20170929 07:47:42.640114Z  2909 INFO  load list meta block: 416 - db.cc:196
20170929 07:47:42.640135Z  2909 INFO  load list meta block: 937 - db.cc:196
20170929 07:47:42.640200Z  2909 INFO  load list meta block: 543 - db.cc:196
20170929 07:47:42.640243Z  2909 INFO  load list meta block: 764 - db.cc:196
20170929 07:47:42.640263Z  2909 INFO  load list meta block: 469 - db.cc:196
20170929 07:47:42.640284Z  2909 INFO  load list meta block: 775 - db.cc:196
20170929 07:47:42.640332Z  2909 INFO  load list meta block: 515 - db.cc:196
20170929 07:47:42.640353Z  2909 INFO  load list meta block: 736 - db.cc:196
20170929 07:47:42.640375Z  2909 INFO  load list meta block: 258 - db.cc:196
20170929 07:47:42.640398Z  2909 INFO  load list meta block: 705 - db.cc:196
20170929 07:47:42.640421Z  2909 INFO  load list meta block: 629 - db.cc:196
20170929 07:47:42.640483Z  2909 INFO  load list meta block: 488 - db.cc:196
20170929 07:47:42.640564Z  2909 INFO  load list meta block: 259 - db.cc:196
20170929 07:47:42.640644Z  2909 INFO  load list meta block: 819 - db.cc:196
20170929 07:47:42.640799Z  2909 INFO  load list meta block: 979 - db.cc:196
20170929 07:47:42.640827Z  2909 INFO  load list meta block: mylist - db.cc:196
20170929 07:47:42.640849Z  2909 INFO  load list meta block: 777 - db.cc:196
20170929 07:47:42.640895Z  2909 INFO  load list meta block: 124 - db.cc:196
20170929 07:47:42.640996Z  2909 INFO  load list meta block: 30 - db.cc:196
20170929 07:47:42.641034Z  2909 INFO  load list meta block: 709 - db.cc:196
20170929 07:47:42.641075Z  2909 INFO  load list meta block: 360 - db.cc:196
20170929 07:47:42.641098Z  2909 INFO  load list meta block: 314 - db.cc:196
20170929 07:47:42.641349Z  2909 INFO  load list meta block: 823 - db.cc:196
20170929 07:47:42.641428Z  2909 INFO  load list meta block: 795 - db.cc:196
20170929 07:47:42.641474Z  2909 INFO  load list meta block: 511 - db.cc:196
20170929 07:47:42.641533Z  2909 INFO  load list meta block: 200 - db.cc:196
20170929 07:47:42.641557Z  2909 INFO  load list meta block: 91 - db.cc:196
20170929 07:47:42.641616Z  2909 INFO  load list meta block: 146 - db.cc:196
20170929 07:47:42.641645Z  2909 INFO  load list meta block: 473 - db.cc:196
20170929 07:47:42.641665Z  2909 INFO  load list meta block: 734 - db.cc:196
20170929 07:47:42.641785Z  2909 INFO  load list meta block: 133 - db.cc:196
20170929 07:47:42.641831Z  2909 INFO  load list meta block: 96 - db.cc:196
20170929 07:47:42.641971Z  2909 INFO  load list meta block: 17 - db.cc:196
20170929 07:47:42.642051Z  2909 INFO  load list meta block: mylist - db.cc:196
20170929 07:47:42.642092Z  2909 INFO  load list meta block: 251 - db.cc:196
20170929 07:47:42.642131Z  2909 INFO  load list meta block: mylist - db.cc:196
20170929 07:47:42.642210Z  2909 INFO  load list meta block: 551 - db.cc:196
20170929 07:47:42.642232Z  2909 INFO  load list meta block: 917 - db.cc:196
20170929 07:47:42.642290Z  2909 INFO  load list meta block: 514 - db.cc:196
20170929 07:47:42.642314Z  2909 INFO  load list meta block: 286 - db.cc:196
20170929 07:47:42.642468Z  2909 INFO  load list meta block: 652 - db.cc:196
20170929 07:47:42.642512Z  2909 INFO  load list meta block: 371 - db.cc:196
20170929 07:47:42.642532Z  2909 INFO  load list meta block: mylist - db.cc:196
20170929 07:47:42.642552Z  2909 INFO  load list meta block: 873 - db.cc:196
20170929 07:47:42.642608Z  2909 INFO  load list meta block: 220 - db.cc:196
20170929 07:47:42.642674Z  2909 INFO  load list meta block: 581 - db.cc:196
20170929 07:47:42.642696Z  2909 INFO  load list meta block: 305 - db.cc:196
20170929 07:47:42.642716Z  2909 INFO  load list meta block: 959 - db.cc:196
20170929 07:47:42.642735Z  2909 INFO  load list meta block: mylist - db.cc:196
20170929 07:47:42.642760Z  2909 INFO  load list meta block: 780 - db.cc:196
20170929 07:47:42.642778Z  2909 INFO  load list meta block: 365 - db.cc:196
20170929 07:47:42.642800Z  2909 INFO  load list meta block: 152 - db.cc:196
20170929 07:47:42.642818Z  2909 INFO  load list meta block: 684 - db.cc:196
20170929 07:47:42.643053Z  2909 INFO  load list meta block: 117 - db.cc:196
20170929 07:47:42.643079Z  2909 INFO  load list meta block: 226 - db.cc:196
20170929 07:47:42.643100Z  2909 INFO  load list meta block: 522 - db.cc:196
20170929 07:47:42.643124Z  2909 INFO  load list meta block: 162 - db.cc:196
20170929 07:47:42.643145Z  2909 INFO  load list meta block: 874 - db.cc:196
20170929 07:47:42.643165Z  2909 INFO  load list meta block: 373 - db.cc:196
20170929 07:47:42.643185Z  2909 INFO  load list meta block: 864 - db.cc:196
20170929 07:47:42.643207Z  2909 INFO  load list meta block: 328 - db.cc:196
20170929 07:47:42.643248Z  2909 INFO  load list meta block: mylist - db.cc:196
20170929 07:47:42.643328Z  2909 INFO  load list meta block: 915 - db.cc:196
20170929 07:47:42.643370Z  2909 INFO  load list meta block: 829 - db.cc:196
20170929 07:47:42.643413Z  2909 INFO  load list meta block: 67 - db.cc:196
20170929 07:47:42.643439Z  2909 INFO  load list meta block: 129 - db.cc:196
20170929 07:47:42.643458Z  2909 INFO  load list meta block: 227 - db.cc:196
20170929 07:47:42.643478Z  2909 INFO  load list meta block: 704 - db.cc:196
20170929 07:47:42.643541Z  2909 INFO  load list meta block: 16 - db.cc:196
20170929 07:47:42.643562Z  2909 INFO  load list meta block: 851 - db.cc:196
20170929 07:47:42.643604Z  2909 INFO  load list meta block: 274 - db.cc:196
20170929 07:47:42.643625Z  2909 INFO  load list meta block: 730 - db.cc:196
20170929 07:47:42.643663Z  2909 INFO  load list meta block: 533 - db.cc:196
20170929 07:47:42.643688Z  2909 INFO  load list meta block: 575 - db.cc:196
20170929 07:47:42.643708Z  2909 INFO  load list meta block: 700 - db.cc:196
20170929 07:47:42.643786Z  2909 INFO  load list meta block: 294 - db.cc:196
20170929 07:47:42.643997Z  2909 INFO  load list meta block: mylist - db.cc:196
20170929 07:47:42.644046Z  2909 INFO  load list meta block: 847 - db.cc:196
20170929 07:47:42.644089Z  2909 INFO  load list meta block: 773 - db.cc:196
20170929 07:47:42.644130Z  2909 INFO  load list meta block: 547 - db.cc:196
20170929 07:47:42.644170Z  2909 INFO  load list meta block: 287 - db.cc:196
20170929 07:47:42.644190Z  2909 INFO  load list meta block: 990 - db.cc:196
20170929 07:47:42.644305Z  2909 INFO  load list meta block: 48 - db.cc:196
20170929 07:47:42.644327Z  2909 INFO  load list meta block: 425 - db.cc:196
20170929 07:47:42.644365Z  2909 INFO  load list meta block: 743 - db.cc:196
20170929 07:47:42.644409Z  2909 INFO  load list meta block: mylist - db.cc:196
20170929 07:47:42.644451Z  2909 INFO  load list meta block: mylist - db.cc:196
20170929 07:47:42.644471Z  2909 INFO  load list meta block: 18 - db.cc:196
20170929 07:47:42.644498Z  2909 INFO  load list meta block: 81 - db.cc:196
20170929 07:47:42.644541Z  2909 INFO  load list meta block: 715 - db.cc:196
20170929 07:47:42.644580Z  2909 INFO  load list meta block: 803 - db.cc:196
20170929 07:47:42.644602Z  2909 INFO  load list meta block: 110 - db.cc:196
20170929 07:47:42.644785Z  2909 INFO  load list meta block: 913 - db.cc:196
20170929 07:47:42.644824Z  2909 INFO  load list meta block: 289 - db.cc:196
20170929 07:47:42.644845Z  2909 INFO  load list meta block: mylist - db.cc:196
20170929 07:47:42.644948Z  2909 INFO  load list meta block: 54 - db.cc:196
20170929 07:47:42.644972Z  2909 INFO  load list meta block: 784 - db.cc:196
20170929 07:47:42.644994Z  2909 INFO  load list meta block: 19 - db.cc:196
20170929 07:47:42.645035Z  2909 INFO  load list meta block: 363 - db.cc:196
20170929 07:47:42.645098Z  2909 INFO  load list meta block: 792 - db.cc:196
20170929 07:47:42.645118Z  2909 INFO  load list meta block: 7 - db.cc:196
20170929 07:47:42.645205Z  2909 INFO  load list meta block: 597 - db.cc:196
20170929 07:47:42.645246Z  2909 INFO  load list meta block: 418 - db.cc:196
20170929 07:47:42.645269Z  2909 INFO  load list meta block: mylist - db.cc:196
20170929 07:47:42.645310Z  2909 INFO  load list meta block: 919 - db.cc:196
20170929 07:47:42.645370Z  2909 INFO  load list meta block: 253 - db.cc:196
20170929 07:47:42.645431Z  2909 INFO  load list meta block: 501 - db.cc:196
20170929 07:47:42.645473Z  2909 INFO  load list meta block: 277 - db.cc:196
20170929 07:47:42.645493Z  2909 INFO  load list meta block: 370 - db.cc:196
20170929 07:47:42.645516Z  2909 INFO  load list meta block: 549 - db.cc:196
20170929 07:47:42.645555Z  2909 INFO  load list meta block: 215 - db.cc:196
20170929 07:47:42.645616Z  2909 INFO  load list meta block: 739 - db.cc:196
20170929 07:47:42.645637Z  2909 INFO  load list meta block: 778 - db.cc:196
20170929 07:47:42.645680Z  2909 INFO  load list meta block: 717 - db.cc:196
20170929 07:47:42.645698Z  2909 INFO  load list meta block: 325 - db.cc:196
20170929 07:47:42.645718Z  2909 INFO  load list meta block: 964 - db.cc:196
20170929 07:47:42.645740Z  2909 INFO  load list meta block: 296 - db.cc:196
20170929 07:47:42.645760Z  2909 INFO  load list meta block: 25 - db.cc:196
20170929 07:47:42.645780Z  2909 INFO  load list meta block: 689 - db.cc:196
20170929 07:47:42.645859Z  2909 INFO  load list meta block: 570 - db.cc:196
20170929 07:47:42.645880Z  2909 INFO  load list meta block: 326 - db.cc:196
20170929 07:47:42.645928Z  2909 INFO  load list meta block: 587 - db.cc:196
20170929 07:47:42.646008Z  2909 INFO  load list meta block: 947 - db.cc:196
20170929 07:47:42.646053Z  2909 INFO  load list meta block: 118 - db.cc:196
20170929 07:47:42.646074Z  2909 INFO  load list meta block: 857 - db.cc:196
20170929 07:47:42.646093Z  2909 INFO  load list meta block: 516 - db.cc:196
20170929 07:47:42.646114Z  2909 INFO  load list meta block: 721 - db.cc:196
20170929 07:47:42.646176Z  2909 INFO  load list meta block: 877 - db.cc:196
20170929 07:47:42.646196Z  2909 INFO  load list meta block: 41 - db.cc:196
20170929 07:47:42.646220Z  2909 INFO  load list meta block: 100 - db.cc:196
20170929 07:47:42.646690Z  2909 INFO  load list meta block: 831 - db.cc:196
20170929 07:47:42.646742Z  2909 INFO  load list meta block: 178 - db.cc:196
20170929 07:47:42.646814Z  2909 INFO  load list meta block: 854 - db.cc:196
20170929 07:47:42.646834Z  2909 INFO  load list meta block: 749 - db.cc:196
20170929 07:47:42.646878Z  2909 INFO  load list meta block: 175 - db.cc:196
20170929 07:47:42.647090Z  2909 INFO  load list meta block: 295 - db.cc:196
20170929 07:47:42.647130Z  2909 INFO  load list meta block: 535 - db.cc:196
20170929 07:47:42.647151Z  2909 INFO  load list meta block: 136 - db.cc:196
20170929 07:47:42.647233Z  2909 INFO  load list meta block: 466 - db.cc:196
20170929 07:47:42.647255Z  2909 INFO  load list meta block: 517 - db.cc:196
20170929 07:47:42.647274Z  2909 INFO  load list meta block: 855 - db.cc:196
20170929 07:47:42.647294Z  2909 INFO  load list meta block: 774 - db.cc:196
20170929 07:47:42.647313Z  2909 INFO  load list meta block: 529 - db.cc:196
20170929 07:47:42.647359Z  2909 INFO  load list meta block: 793 - db.cc:196
20170929 07:47:42.647380Z  2909 INFO  load list meta block: 43 - db.cc:196
20170929 07:47:42.647422Z  2909 INFO  load list meta block: 606 - db.cc:196
20170929 07:47:42.647443Z  2909 INFO  load list meta block: 95 - db.cc:196
20170929 07:47:42.647483Z  2909 INFO  load list meta block: 524 - db.cc:196
20170929 07:47:42.647552Z  2909 INFO  load list meta block: 744 - db.cc:196
20170929 07:47:42.647591Z  2909 INFO  load list meta block: 72 - db.cc:196
20170929 07:47:42.647614Z  2909 INFO  load list meta block: 282 - db.cc:196
20170929 07:47:42.647640Z  2909 INFO  load list meta block: 219 - db.cc:196
20170929 07:47:42.647692Z  2909 INFO  load list meta block: mylist - db.cc:196
20170929 07:47:42.647712Z  2909 INFO  load list meta block: 509 - db.cc:196
20170929 07:47:42.647732Z  2909 INFO  load list meta block: 761 - db.cc:196
20170929 07:47:42.647773Z  2909 INFO  load list meta block: 439 - db.cc:196
20170929 07:47:42.647814Z  2909 INFO  load list meta block: 442 - db.cc:196
20170929 07:47:42.647877Z  2909 INFO  load list meta block: 456 - db.cc:196
20170929 07:47:42.647938Z  2909 INFO  load list meta block: 310 - db.cc:196
20170929 07:47:42.648015Z  2909 INFO  load list meta block: mylist - db.cc:196
20170929 07:47:42.648058Z  2909 INFO  load list meta block: mylist - db.cc:196
20170929 07:47:42.648078Z  2909 INFO  load list meta block: 927 - db.cc:196
20170929 07:47:42.648099Z  2909 INFO  load list meta block: 105 - db.cc:196
20170929 07:47:42.648118Z  2909 INFO  load list meta block: 986 - db.cc:196
20170929 07:47:42.648198Z  2909 INFO  load list meta block: 403 - db.cc:196
20170929 07:47:42.648255Z  2909 INFO  load list meta block: 491 - db.cc:196
20170929 07:47:42.648278Z  2909 INFO  load list meta block: mylist - db.cc:196
20170929 07:47:42.648300Z  2909 INFO  load list meta block: mylist - db.cc:196
20170929 07:47:42.648320Z  2909 INFO  load list meta block: 378 - db.cc:196
20170929 07:47:42.648339Z  2909 INFO  load list meta block: mylist - db.cc:196
20170929 07:47:42.648384Z  2909 INFO  load list meta block: mylist - db.cc:196
20170929 07:47:42.648422Z  2909 INFO  load list meta block: 246 - db.cc:196
20170929 07:47:42.648445Z  2909 INFO  load list meta block: 368 - db.cc:196
20170929 07:47:42.648560Z  2909 INFO  load list meta block: 339 - db.cc:196
20170929 07:47:42.648581Z  2909 INFO  load list meta block: 126 - db.cc:196
20170929 07:47:42.648604Z  2909 INFO  load list meta block: mylist - db.cc:196
20170929 07:47:42.648983Z  2909 INFO  load list meta block: 459 - db.cc:196
20170929 07:47:42.649011Z  2909 INFO  load list meta block: 966 - db.cc:196
20170929 07:47:42.649037Z  2909 INFO  load list meta block: mylist - db.cc:196
20170929 07:47:42.649081Z  2909 INFO  load list meta block: 750 - db.cc:196
20170929 07:47:42.649107Z  2909 INFO  load list meta block: 852 - db.cc:196
20170929 07:47:42.649132Z  2909 INFO  load list meta block: mylist - db.cc:196
20170929 07:47:42.649154Z  2909 INFO  load list meta block: 580 - db.cc:196
20170929 07:47:42.649428Z  2909 INFO  load list meta block: 590 - db.cc:196
20170929 07:47:42.649455Z  2909 INFO  load list meta block: 561 - db.cc:196
20170929 07:47:42.649519Z  2909 INFO  load list meta block: 740 - db.cc:196
20170929 07:47:42.649624Z  2909 INFO  load list meta block: mylist - db.cc:196
20170929 07:47:42.649656Z  2909 INFO  load list meta block: mylist - db.cc:196
20170929 07:47:42.649677Z  2909 INFO  load list meta block: 869 - db.cc:196
20170929 07:47:42.649719Z  2909 INFO  load list meta block: mylist - db.cc:196
20170929 07:47:42.649744Z  2909 INFO  load list meta block: mylist - db.cc:196
20170929 07:47:42.649765Z  2909 INFO  load list meta block: mylist - db.cc:196
20170929 07:47:42.649831Z  2909 INFO  load list meta block: 417 - db.cc:196
20170929 07:47:42.649853Z  2909 INFO  load list meta block: 856 - db.cc:196
20170929 07:47:42.649897Z  2909 INFO  load list meta block: 659 - db.cc:196
20170929 07:47:42.649938Z  2909 INFO  load list meta block: mylist - db.cc:196
20170929 07:47:42.650023Z  2909 INFO  load list meta block: mylist - db.cc:196
20170929 07:47:42.650047Z  2909 INFO  load list meta block: mylist - db.cc:196
20170929 07:47:42.650107Z  2909 INFO  load list meta block: 63 - db.cc:196
20170929 07:47:42.650133Z  2909 INFO  load list meta block: mylist - db.cc:196
20170929 07:47:42.650156Z  2909 INFO  load list meta block: mylist - db.cc:196
20170929 07:47:42.650179Z  2909 INFO  load list meta block: 477 - db.cc:196
20170929 07:47:42.650198Z  2909 INFO  load list meta block: mylist - db.cc:196
20170929 07:47:42.650221Z  2909 INFO  load list meta block: 304 - db.cc:196
20170929 07:47:42.650243Z  2909 INFO  load list meta block: 85 - db.cc:196
20170929 07:47:42.650263Z  2909 INFO  load list meta block: 107 - db.cc:196
20170929 07:47:42.650285Z  2909 INFO  load list meta block: 60 - db.cc:196
20170929 07:47:42.650335Z  2909 INFO  load list meta block: 989 - db.cc:196
20170929 07:47:42.650380Z  2909 INFO  load list meta block: mylist - db.cc:196
20170929 07:47:42.650421Z  2909 INFO  load list meta block: mylist - db.cc:196
20170929 07:47:42.650466Z  2909 INFO  load list meta block: 996 - db.cc:196
20170929 07:47:42.650486Z  2909 INFO  load list meta block: 331 - db.cc:196
20170929 07:47:42.650609Z  2909 INFO  load list meta block: mylist - db.cc:196
20170929 07:47:42.650633Z  2909 INFO  load list meta block: 541 - db.cc:196
20170929 07:47:42.650654Z  2909 INFO  load list meta block: mylist - db.cc:196
20170929 07:47:42.650692Z  2909 INFO  load list meta block: mylist - db.cc:196
20170929 07:47:42.650716Z  2909 INFO  load list meta block: mylist - db.cc:196
20170929 07:47:42.650737Z  2909 INFO  load list meta block: 125 - db.cc:196
20170929 07:47:42.650760Z  2909 INFO  load list meta block: mylist - db.cc:196
20170929 07:47:42.650826Z  2909 INFO  load list meta block: mylist - db.cc:196
20170929 07:47:42.650870Z  2909 INFO  load list meta block: 280 - db.cc:196
20170929 07:47:42.650891Z  2909 INFO  load list meta block: mylist - db.cc:196
20170929 07:47:42.650912Z  2909 INFO  load list meta block: 951 - db.cc:196
20170929 07:47:42.650954Z  2909 INFO  load list meta block: mylist - db.cc:196
20170929 07:47:42.650973Z  2909 INFO  load list meta block: 663 - db.cc:196
20170929 07:47:42.650992Z  2909 INFO  load list meta block: 265 - db.cc:196
20170929 07:47:42.651013Z  2909 INFO  load list meta block: mylist - db.cc:196
20170929 07:47:42.651038Z  2909 INFO  load list meta block: mylist - db.cc:196
20170929 07:47:42.651058Z  2909 INFO  load list meta block: 589 - db.cc:196
20170929 07:47:42.651079Z  2909 INFO  load list meta block: 394 - db.cc:196
20170929 07:47:42.651119Z  2909 INFO  load list meta block: 260 - db.cc:196
20170929 07:47:42.651139Z  2909 INFO  load list meta block: mylist - db.cc:196
20170929 07:47:42.651160Z  2909 INFO  load list meta block: 460 - db.cc:196
20170929 07:47:42.651179Z  2909 INFO  load list meta block: 137 - db.cc:196
20170929 07:47:42.651202Z  2909 INFO  load list meta block: mylist - db.cc:196
20170929 07:47:42.651225Z  2909 INFO  load list meta block: mylist - db.cc:196
20170929 07:47:42.651431Z  2909 INFO  load list meta block: mylist - db.cc:196
20170929 07:47:42.651492Z  2909 INFO  load list meta block: mylist - db.cc:196
20170929 07:47:42.651514Z  2909 INFO  load list meta block: 411 - db.cc:196
20170929 07:47:42.651537Z  2909 INFO  load list meta block: 106 - db.cc:196
20170929 07:47:42.651556Z  2909 INFO  load list meta block: 901 - db.cc:196
20170929 07:47:42.651597Z  2909 INFO  load list meta block: 942 - db.cc:196
20170929 07:47:42.651618Z  2909 INFO  load list meta block: 353 - db.cc:196
20170929 07:47:42.651638Z  2909 INFO  load list meta block: 889 - db.cc:196
20170929 07:47:42.651707Z  2909 INFO  load list meta block: 507 - db.cc:196
20170929 07:47:42.651727Z  2909 INFO  load list meta block: 254 - db.cc:196
20170929 07:47:42.651746Z  2909 INFO  load list meta block: 94 - db.cc:196
20170929 07:47:42.651770Z  2909 INFO  load list meta block: mylist - db.cc:196
20170929 07:47:42.651789Z  2909 INFO  load list meta block: 965 - db.cc:196
20170929 07:47:42.651809Z  2909 INFO  load list meta block: mylist - db.cc:196
20170929 07:47:42.651849Z  2909 INFO  load list meta block: 82 - db.cc:196
20170929 07:47:42.651872Z  2909 INFO  load list meta block: mylist - db.cc:196
20170929 07:47:42.651894Z  2909 INFO  load list meta block: 264 - db.cc:196
20170929 07:47:42.651933Z  2909 INFO  load list meta block: mylist - db.cc:196
20170929 07:47:42.651953Z  2909 INFO  load list meta block: mylist - db.cc:196
20170929 07:47:42.652031Z  2909 INFO  load list meta block: 843 - db.cc:196
20170929 07:47:42.652084Z  2909 INFO  load list meta block: 598 - db.cc:196
20170929 07:47:42.652124Z  2909 INFO  load list meta block: 766 - db.cc:196
20170929 07:47:42.652143Z  2909 INFO  load list meta block: mylist - db.cc:196
20170929 07:47:42.652165Z  2909 INFO  load list meta block: mylist - db.cc:196
20170929 07:47:42.652184Z  2909 INFO  load list meta block: 861 - db.cc:196
20170929 07:47:42.652204Z  2909 INFO  load list meta block: 534 - db.cc:196
20170929 07:47:42.652245Z  2909 INFO  load list meta block: 892 - db.cc:196
20170929 07:47:42.652266Z  2909 INFO  load list meta block: 631 - db.cc:196
20170929 07:47:42.652285Z  2909 INFO  load list meta block: 155 - db.cc:196
20170929 07:47:42.652350Z  2909 INFO  load list meta block: 528 - db.cc:196
20170929 07:47:42.652369Z  2909 INFO  load list meta block: 714 - db.cc:196
20170929 07:47:42.652392Z  2909 INFO  load list meta block: mylist - db.cc:196
20170929 07:47:42.652416Z  2909 INFO  load list meta block: mylist - db.cc:196
20170929 07:47:42.652435Z  2909 INFO  load list meta block: mylist - db.cc:196
20170929 07:47:42.652472Z  2909 INFO  load list meta block: 946 - db.cc:196
20170929 07:47:42.652495Z  2909 INFO  load list meta block: mylist - db.cc:196
20170929 07:47:42.652534Z  2909 INFO  load list meta block: 719 - db.cc:196
20170929 07:47:42.652554Z  2909 INFO  load list meta block: 145 - db.cc:196
20170929 07:47:42.652613Z  2909 INFO  load list meta block: 504 - db.cc:196
20170929 07:47:42.652636Z  2909 INFO  load list meta block: 505 - db.cc:196
20170929 07:47:42.652655Z  2909 INFO  load list meta block: 209 - db.cc:196
20170929 07:47:42.652750Z  2909 INFO  load list meta block: 938 - db.cc:196
20170929 07:47:42.652773Z  2909 INFO  load list meta block: 563 - db.cc:196
20170929 07:47:42.652796Z  2909 INFO  load list meta block: mylist - db.cc:196
20170929 07:47:42.652852Z  2909 INFO  load list meta block: 506 - db.cc:196
20170929 07:47:42.652895Z  2909 INFO  load list meta block: 813 - db.cc:196
20170929 07:47:42.652914Z  2909 INFO  load list meta block: 406 - db.cc:196
20170929 07:47:42.652933Z  2909 INFO  load list meta block: 412 - db.cc:196
20170929 07:47:42.652974Z  2909 INFO  load list meta block: 998 - db.cc:196
20170929 07:47:42.653031Z  2909 INFO  load list meta block: 982 - db.cc:196
20170929 07:47:42.653093Z  2909 INFO  load list meta block: 308 - db.cc:196
20170929 07:47:42.653112Z  2909 INFO  load list meta block: 667 - db.cc:196
20170929 07:47:42.653154Z  2909 INFO  load list meta block: 28 - db.cc:196
20170929 07:47:42.653197Z  2909 INFO  load list meta block: 871 - db.cc:196
20170929 07:47:42.653395Z  2909 INFO  load list meta block: 918 - db.cc:196
20170929 07:47:42.653434Z  2909 INFO  load list meta block: 243 - db.cc:196
20170929 07:47:42.653453Z  2909 INFO  load list meta block: 116 - db.cc:196
20170929 07:47:42.653475Z  2909 INFO  load list meta block: 98 - db.cc:196
20170929 07:47:42.653516Z  2909 INFO  load list meta block: 707 - db.cc:196
20170929 07:47:42.653535Z  2909 INFO  load list meta block: 605 - db.cc:196
20170929 07:47:42.653594Z  2909 INFO  load list meta block: 228 - db.cc:196
20170929 07:47:42.653613Z  2909 INFO  load list meta block: 2 - db.cc:196
20170929 07:47:42.653663Z  2909 INFO  load list meta block: 735 - db.cc:196
20170929 07:47:42.653684Z  2909 INFO  load list meta block: mylist - db.cc:196
20170929 07:47:42.653725Z  2909 INFO  load list meta block: mylist - db.cc:196
20170929 07:47:42.653745Z  2909 INFO  load list meta block: 184 - db.cc:196
20170929 07:47:42.653783Z  2909 INFO  load list meta block: 692 - db.cc:196
20170929 07:47:42.653807Z  2909 INFO  load list meta block: mylist - db.cc:196
20170929 07:47:42.653827Z  2909 INFO  load list meta block: 141 - db.cc:196
20170929 07:47:42.653848Z  2909 INFO  load list meta block: 791 - db.cc:196
20170929 07:47:42.653893Z  2909 INFO  load list meta block: 430 - db.cc:196
20170929 07:47:42.654011Z  2909 INFO  load list meta block: 752 - db.cc:196
20170929 07:47:42.654053Z  2909 INFO  load list meta block: 443 - db.cc:196
20170929 07:47:42.654093Z  2909 INFO  load list meta block: mylist - db.cc:196
20170929 07:47:42.654117Z  2909 INFO  load list meta block: mylist - db.cc:196
20170929 07:47:42.654136Z  2909 INFO  load list meta block: 943 - db.cc:196
20170929 07:47:42.654197Z  2909 INFO  load list meta block: 68 - db.cc:196
20170929 07:47:42.654238Z  2909 INFO  load list meta block: 12 - db.cc:196
20170929 07:47:42.654305Z  2909 INFO  load list meta block: mylist - db.cc:196
20170929 07:47:42.654543Z  2909 INFO  load list meta block: 271 - db.cc:196
20170929 07:47:42.654572Z  2909 INFO  load list meta block: 86 - db.cc:196
20170929 07:47:42.654613Z  2909 INFO  load list meta block: 263 - db.cc:196
20170929 07:47:42.654637Z  2909 INFO  load list meta block: 26 - db.cc:196
20170929 07:47:42.654663Z  2909 INFO  load list meta block: 1 - db.cc:196
20170929 07:47:42.654682Z  2909 INFO  load list meta block: 900 - db.cc:196
20170929 07:47:42.654793Z  2909 INFO  load list meta block: 896 - db.cc:196
20170929 07:47:42.654814Z  2909 INFO  load list meta block: 858 - db.cc:196
20170929 07:47:42.654898Z  2909 INFO  load list meta block: 104 - db.cc:196
20170929 07:47:42.654964Z  2909 INFO  load list meta block: 154 - db.cc:196
20170929 07:47:42.655031Z  2909 INFO  load list meta block: mylist - db.cc:196
20170929 07:47:42.655054Z  2909 INFO  load list meta block: 336 - db.cc:196
20170929 07:47:42.655078Z  2909 INFO  load list meta block: 364 - db.cc:196
20170929 07:47:42.655117Z  2909 INFO  load list meta block: 42 - db.cc:196
20170929 07:47:42.655139Z  2909 INFO  load list meta block: 165 - db.cc:196
20170929 07:47:42.655164Z  2909 INFO  load list meta block: 318 - db.cc:196
20170929 07:47:42.655188Z  2909 INFO  load list meta block: 374 - db.cc:196
20170929 07:47:42.655292Z  2909 INFO  load list meta block: mylist - db.cc:196
20170929 07:47:42.655333Z  2909 INFO  load list meta block: 487 - db.cc:196
20170929 07:47:42.655362Z  2909 INFO  load list meta block: 972 - db.cc:196
20170929 07:47:42.655384Z  2909 INFO  load list meta block: 158 - db.cc:196
20170929 07:47:42.655403Z  2909 INFO  load list meta block: 372 - db.cc:196
20170929 07:47:42.655444Z  2909 INFO  load list meta block: 596 - db.cc:196
20170929 07:47:42.655465Z  2909 INFO  load list meta block: 276 - db.cc:196
20170929 07:47:42.655513Z  2909 INFO  load list meta block: 894 - db.cc:196
20170929 07:47:42.655554Z  2909 INFO  load list meta block: 988 - db.cc:196
20170929 07:47:42.655617Z  2909 INFO  load list meta block: 650 - db.cc:196
20170929 07:47:42.655660Z  2909 INFO  load list meta block: 945 - db.cc:196
20170929 07:47:42.655941Z  2909 INFO  load list meta block: 814 - db.cc:196
20170929 07:47:42.655986Z  2909 INFO  load list meta block: mylist - db.cc:196
20170929 07:47:42.656072Z  2909 INFO  load list meta block: 969 - db.cc:196
20170929 07:47:42.656116Z  2909 INFO  load list meta block: 463 - db.cc:196
20170929 07:47:42.656179Z  2909 INFO  load list meta block: 599 - db.cc:196
20170929 07:47:42.656205Z  2909 INFO  load list meta block: 444 - db.cc:196
20170929 07:47:42.656224Z  2909 INFO  load list meta block: 376 - db.cc:196
20170929 07:47:42.656245Z  2909 INFO  load list meta block: 931 - db.cc:196
20170929 07:47:42.656461Z  2909 INFO  load list meta block: 962 - db.cc:196
20170929 07:47:42.656485Z  2909 INFO  load list meta block: 333 - db.cc:196
20170929 07:47:42.656529Z  2909 INFO  load list meta block: 407 - db.cc:196
20170929 07:47:42.656613Z  2909 INFO  load list meta block: 789 - db.cc:196
20170929 07:47:42.656683Z  2909 INFO  load list meta block: mylist - db.cc:196
20170929 07:47:42.656826Z  2909 INFO  load list meta block: 358 - db.cc:196
20170929 07:47:42.656856Z  2909 INFO  load list meta block: mylist - db.cc:196
20170929 07:47:42.656898Z  2909 INFO  load list meta block: 377 - db.cc:196
20170929 07:47:42.656967Z  2909 INFO  load list meta block: 59 - db.cc:196
20170929 07:47:42.657031Z  2909 INFO  load list meta block: mylist - db.cc:196
20170929 07:47:42.657052Z  2909 INFO  load list meta block: mylist - db.cc:196
20170929 07:47:42.657139Z  2909 INFO  load list meta block: 315 - db.cc:196
20170929 07:47:42.657160Z  2909 INFO  load list meta block: 582 - db.cc:196
20170929 07:47:42.657241Z  2909 INFO  load list meta block: 567 - db.cc:196
20170929 07:47:42.657285Z  2909 INFO  load list meta block: 767 - db.cc:196
20170929 07:47:42.657328Z  2909 INFO  load list meta block: 275 - db.cc:196
20170929 07:47:42.657355Z  2909 INFO  load list meta block: 870 - db.cc:196
20170929 07:47:42.657375Z  2909 INFO  load list meta block: 281 - db.cc:196
20170929 07:47:42.657396Z  2909 INFO  load list meta block: 218 - db.cc:196
20170929 07:47:42.657418Z  2909 INFO  load list meta block: mylist - db.cc:196
20170929 07:47:42.657440Z  2909 INFO  load list meta block: 166 - db.cc:196
20170929 07:47:42.657463Z  2909 INFO  load list meta block: mylist - db.cc:196
20170929 07:47:42.657527Z  2909 INFO  load list meta block: 713 - db.cc:196
20170929 07:47:42.657570Z  2909 INFO  load list meta block: 978 - db.cc:196
20170929 07:47:42.657611Z  2909 INFO  load list meta block: 816 - db.cc:196
20170929 07:47:42.657650Z  2909 INFO  load list meta block: 354 - db.cc:196
20170929 07:47:42.657695Z  2909 INFO  load list meta block: 882 - db.cc:196
20170929 07:47:42.657804Z  2909 INFO  load list meta block: 27 - db.cc:196
20170929 07:47:42.657827Z  2909 INFO  load list meta block: mylist - db.cc:196
20170929 07:47:42.657875Z  2909 INFO  load list meta block: 999 - db.cc:196
20170929 07:47:42.657895Z  2909 INFO  load list meta block: 222 - db.cc:196
20170929 07:47:42.657919Z  2909 INFO  load list meta block: mylist - db.cc:196
20170929 07:47:42.657963Z  2909 INFO  load list meta block: 645 - db.cc:196
20170929 07:47:42.657987Z  2909 INFO  load list meta block: 319 - db.cc:196
20170929 07:47:42.658051Z  2909 INFO  load list meta block: mylist - db.cc:196
20170929 07:47:42.658184Z  2909 INFO  load list meta block: 573 - db.cc:196
20170929 07:47:42.658249Z  2909 INFO  load list meta block: 785 - db.cc:196
20170929 07:47:42.658276Z  2909 INFO  load list meta block: 189 - db.cc:196
20170929 07:47:42.658302Z  2909 INFO  load list meta block: 612 - db.cc:196
20170929 07:47:42.658405Z  2909 INFO  load list meta block: 845 - db.cc:196
20170929 07:47:42.658487Z  2909 INFO  load list meta block: 726 - db.cc:196
20170929 07:47:42.658568Z  2909 INFO  load list meta block: 906 - db.cc:196
20170929 07:47:42.658589Z  2909 INFO  load list meta block: 402 - db.cc:196
20170929 07:47:42.658613Z  2909 INFO  load list meta block: 674 - db.cc:196
20170929 07:47:42.658712Z  2909 INFO  load list meta block: 79 - db.cc:196
20170929 07:47:42.658779Z  2909 INFO  load list meta block: 269 - db.cc:196
20170929 07:47:42.659023Z  2909 INFO  load list meta block: 486 - db.cc:196
20170929 07:47:42.659048Z  2909 INFO  load list meta block: 525 - db.cc:196
20170929 07:47:42.659071Z  2909 INFO  load list meta block: 923 - db.cc:196
20170929 07:47:42.659096Z  2909 INFO  load list meta block: 322 - db.cc:196
20170929 07:47:42.659116Z  2909 INFO  load list meta block: 389 - db.cc:196
20170929 07:47:42.659221Z  2909 INFO  load list meta block: 415 - db.cc:196
20170929 07:47:42.659240Z  2909 INFO  load list meta block: 644 - db.cc:196
20170929 07:47:42.659279Z  2909 INFO  load list meta block: 257 - db.cc:196
20170929 07:47:42.659303Z  2909 INFO  load list meta block: 921 - db.cc:196
20170929 07:47:42.659404Z  2909 INFO  load list meta block: 822 - db.cc:196
20170929 07:47:42.659571Z  2909 INFO  load list meta block: 250 - db.cc:196
20170929 07:47:42.659615Z  2909 INFO  load list meta block: 716 - db.cc:196
20170929 07:47:42.659638Z  2909 INFO  load list meta block: 474 - db.cc:196
20170929 07:47:42.659679Z  2909 INFO  load list meta block: 732 - db.cc:196
20170929 07:47:42.659739Z  2909 INFO  load list meta block: 625 - db.cc:196
20170929 07:47:42.659777Z  2909 INFO  load list meta block: 454 - db.cc:196
20170929 07:47:42.659796Z  2909 INFO  load list meta block: mylist - db.cc:196
20170929 07:47:42.659819Z  2909 INFO  load list meta block: 669 - db.cc:196
20170929 07:47:42.659898Z  2909 INFO  load list meta block: 980 - db.cc:196
20170929 07:47:42.659955Z  2909 INFO  load list meta block: 519 - db.cc:196
20170929 07:47:42.659979Z  2909 INFO  load list meta block: 492 - db.cc:196
20170929 07:47:42.660017Z  2909 INFO  load list meta block: 940 - db.cc:196
20170929 07:47:42.660056Z  2909 INFO  load list meta block: 240 - db.cc:196
20170929 07:47:42.660093Z  2909 INFO  load list meta block: 908 - db.cc:196
20170929 07:47:42.660112Z  2909 INFO  load list meta block: 953 - db.cc:196
20170929 07:47:42.660153Z  2909 INFO  load list meta block: 461 - db.cc:196
20170929 07:47:42.660174Z  2909 INFO  load list meta block: 163 - db.cc:196
20170929 07:47:42.660214Z  2909 INFO  load list meta block: 22 - db.cc:196
20170929 07:47:42.660253Z  2909 INFO  load list meta block: 593 - db.cc:196
20170929 07:47:42.660350Z  2909 INFO  load list meta block: 738 - db.cc:196
20170929 07:47:42.660417Z  2909 INFO  load list meta block: 718 - db.cc:196
20170929 07:47:42.660516Z  2909 INFO  load list meta block: 763 - db.cc:196
20170929 07:47:42.660535Z  2909 INFO  load list meta block: 77 - db.cc:196
20170929 07:47:42.660611Z  2909 INFO  load list meta block: 386 - db.cc:196
20170929 07:47:42.660629Z  2909 INFO  load list meta block: 797 - db.cc:196
20170929 07:47:42.660660Z  2909 INFO  load list meta block: 560 - db.cc:196
20170929 07:47:42.660717Z  2909 INFO  load list meta block: 421 - db.cc:196
20170929 07:47:42.660736Z  2909 INFO  load list meta block: 540 - db.cc:196
20170929 07:47:42.660757Z  2909 INFO  load list meta block: 194 - db.cc:196
20170929 07:47:42.660775Z  2909 INFO  load list meta block: 75 - db.cc:196
20170929 07:47:42.660796Z  2909 INFO  load list meta block: 56 - db.cc:196
20170929 07:47:42.660814Z  2909 INFO  load list meta block: 214 - db.cc:196
20170929 07:47:42.660835Z  2909 INFO  load list meta block: 441 - db.cc:196
20170929 07:47:42.660982Z  2909 INFO  load list meta block: 334 - db.cc:196
20170929 07:47:42.661001Z  2909 INFO  load list meta block: 479 - db.cc:196
20170929 07:47:42.661039Z  2909 INFO  load list meta block: 558 - db.cc:196
20170929 07:47:42.661057Z  2909 INFO  load list meta block: 783 - db.cc:196
20170929 07:47:42.661094Z  2909 INFO  load list meta block: 89 - db.cc:196
20170929 07:47:42.661133Z  2909 INFO  load list meta block: 838 - db.cc:196
20170929 07:47:42.661208Z  2909 INFO  load list meta block: 481 - db.cc:196
20170929 07:47:42.661229Z  2909 INFO  load list meta block: 476 - db.cc:196
20170929 07:47:42.661272Z  2909 INFO  load list meta block: 600 - db.cc:196
20170929 07:47:42.661309Z  2909 INFO  load list meta block: 576 - db.cc:196
20170929 07:47:42.661371Z  2909 INFO  load list meta block: 799 - db.cc:196
20170929 07:47:42.661571Z  2909 INFO  load list meta block: 583 - db.cc:196
20170929 07:47:42.661591Z  2909 INFO  load list meta block: 604 - db.cc:196
20170929 07:47:42.661632Z  2909 INFO  load list meta block: 985 - db.cc:196
20170929 07:47:42.661670Z  2909 INFO  load list meta block: 11 - db.cc:196
20170929 07:47:42.661688Z  2909 INFO  load list meta block: 39 - db.cc:196
20170929 07:47:42.661726Z  2909 INFO  load list meta block: 751 - db.cc:196
20170929 07:47:42.661762Z  2909 INFO  load list meta block: 4 - db.cc:196
20170929 07:47:42.661821Z  2909 INFO  load list meta block: 346 - db.cc:196
20170929 07:47:42.661839Z  2909 INFO  load list meta block: 97 - db.cc:196
20170929 07:47:42.661881Z  2909 INFO  load list meta block: 84 - db.cc:196
20170929 07:47:42.661918Z  2909 INFO  load list meta block: 309 - db.cc:196
20170929 07:47:42.661944Z  2909 INFO  load list meta block: 971 - db.cc:196
20170929 07:47:42.661997Z  2909 INFO  load list meta block: 550 - db.cc:196
20170929 07:47:42.662054Z  2909 INFO  load list meta block: 584 - db.cc:196
20170929 07:47:42.662150Z  2909 INFO  load list meta block: 70 - db.cc:196
20170929 07:47:42.662170Z  2909 INFO  load list meta block: 895 - db.cc:196
20170929 07:47:42.662190Z  2909 INFO  load list meta block: 327 - db.cc:196
20170929 07:47:42.662208Z  2909 INFO  load list meta block: 290 - db.cc:196
20170929 07:47:42.662246Z  2909 INFO  load list meta block: 798 - db.cc:196
20170929 07:47:42.662266Z  2909 INFO  load list meta block: 197 - db.cc:196
20170929 07:47:42.662285Z  2909 INFO  load list meta block: 351 - db.cc:196
20170929 07:47:42.662339Z  2909 INFO  load list meta block: 92 - db.cc:196
20170929 07:47:42.662360Z  2909 INFO  load list meta block: 379 - db.cc:196
20170929 07:47:42.662383Z  2909 INFO  load list meta block: 69 - db.cc:196
20170929 07:47:42.662460Z  2909 INFO  load list meta block: 562 - db.cc:196
20170929 07:47:42.662478Z  2909 INFO  load list meta block: 261 - db.cc:196
20170929 07:47:42.662498Z  2909 INFO  load list meta block: 121 - db.cc:196
20170929 07:47:42.662520Z  2909 INFO  load list meta block: 161 - db.cc:196
20170929 07:47:42.662541Z  2909 INFO  load list meta block: 171 - db.cc:196
20170929 07:47:42.662559Z  2909 INFO  load list meta block: 410 - db.cc:196
20170929 07:47:42.662578Z  2909 INFO  load list meta block: 352 - db.cc:196
20170929 07:47:42.662653Z  2909 INFO  load list meta block: 462 - db.cc:196
20170929 07:47:42.662675Z  2909 INFO  load list meta block: mylist - db.cc:196
20170929 07:47:42.662695Z  2909 INFO  load list meta block: 298 - db.cc:196
20170929 07:47:42.662714Z  2909 INFO  load list meta block: 272 - db.cc:196
20170929 07:47:42.662753Z  2909 INFO  load list meta block: 423 - db.cc:196
20170929 07:47:42.662771Z  2909 INFO  load list meta block: 572 - db.cc:196
20170929 07:47:42.662790Z  2909 INFO  load list meta block: 320 - db.cc:196
20170929 07:47:42.662810Z  2909 INFO  load list meta block: 3 - db.cc:196
20170929 07:47:42.662833Z  2909 INFO  load list meta block: 231 - db.cc:196
20170929 07:47:42.662852Z  2909 INFO  load list meta block: 622 - db.cc:196
20170929 07:47:42.662871Z  2909 INFO  load list meta block: 618 - db.cc:196
20170929 07:47:42.662889Z  2909 INFO  load list meta block: 768 - db.cc:196
20170929 07:47:42.662912Z  2909 INFO  load list meta block: 182 - db.cc:196
20170929 07:47:42.662950Z  2909 INFO  load list meta block: 9 - db.cc:196
20170929 07:47:42.662968Z  2909 INFO  load list meta block: 156 - db.cc:196
20170929 07:47:42.662989Z  2909 INFO  load list meta block: 577 - db.cc:196
20170929 07:47:42.663026Z  2909 INFO  load list meta block: 15 - db.cc:196
20170929 07:47:42.663066Z  2909 INFO  load list meta block: 897 - db.cc:196
20170929 07:47:42.663143Z  2909 INFO  load list meta block: mylist - db.cc:196
20170929 07:47:42.663180Z  2909 INFO  load list meta block: 108 - db.cc:196
20170929 07:47:42.663201Z  2909 INFO  load list meta block: 936 - db.cc:196
20170929 07:47:42.663260Z  2909 INFO  load list meta block: 71 - db.cc:196
20170929 07:47:42.663341Z  2909 INFO  load list meta block: 177 - db.cc:196
20170929 07:47:42.663630Z  2909 INFO  load list meta block: 670 - db.cc:196
20170929 07:47:42.663679Z  2909 INFO  load list meta block: 284 - db.cc:196
20170929 07:47:42.663778Z  2909 INFO  load list meta block: 409 - db.cc:196
20170929 07:47:42.663855Z  2909 INFO  load list meta block: 159 - db.cc:196
20170929 07:47:42.663965Z  2909 INFO  load list meta block: 232 - db.cc:196
20170929 07:47:42.664005Z  2909 INFO  load list meta block: 526 - db.cc:196
20170929 07:47:42.664041Z  2909 INFO  load list meta block: 348 - db.cc:196
20170929 07:47:42.664064Z  2909 INFO  load list meta block: 120 - db.cc:196
20170929 07:47:42.664120Z  2909 INFO  load list meta block: 273 - db.cc:196
20170929 07:47:42.664193Z  2909 INFO  load list meta block: 899 - db.cc:196
20170929 07:47:42.664215Z  2909 INFO  load list meta block: 21 - db.cc:196
20170929 07:47:42.664234Z  2909 INFO  load list meta block: mylist - db.cc:196
20170929 07:47:42.664254Z  2909 INFO  load list meta block: 635 - db.cc:196
20170929 07:47:42.664273Z  2909 INFO  load list meta block: 691 - db.cc:196
20170929 07:47:42.664294Z  2909 INFO  load list meta block: 662 - db.cc:196
20170929 07:47:42.664330Z  2909 INFO  load list meta block: 975 - db.cc:196
20170929 07:47:42.664350Z  2909 INFO  load list meta block: 656 - db.cc:196
20170929 07:47:42.664370Z  2909 INFO  load list meta block: 132 - db.cc:196
20170929 07:47:42.664442Z  2909 INFO  load list meta block: 127 - db.cc:196
20170929 07:47:42.664465Z  2909 INFO  load list meta block: 634 - db.cc:196
20170929 07:47:42.664484Z  2909 INFO  load list meta block: 499 - db.cc:196
20170929 07:47:42.664509Z  2909 INFO  load list meta block: 201 - db.cc:196
20170929 07:47:42.664529Z  2909 INFO  load list meta block: 383 - db.cc:196
20170929 07:47:42.664548Z  2909 INFO  load list meta block: mylist - db.cc:196
20170929 07:47:42.664569Z  2909 INFO  load list meta block: 733 - db.cc:196
20170929 07:47:42.664591Z  2909 INFO  load list meta block: 49 - db.cc:196
20170929 07:47:42.664610Z  2909 INFO  load list meta block: 853 - db.cc:196
20170929 07:47:42.664631Z  2909 INFO  load list meta block: 613 - db.cc:196
20170929 07:47:42.664650Z  2909 INFO  load list meta block: 35 - db.cc:196
20170929 07:47:42.664757Z  2909 INFO  load list meta block: 820 - db.cc:196
20170929 07:47:42.664777Z  2909 INFO  load list meta block: mylist - db.cc:196
20170929 07:47:42.664813Z  2909 INFO  load list meta block: 330 - db.cc:196
20170929 07:47:42.664833Z  2909 INFO  load list meta block: 676 - db.cc:196
20170929 07:47:42.664888Z  2909 INFO  load list meta block: 544 - db.cc:196
20170929 07:47:42.664907Z  2909 INFO  load list meta block: 388 - db.cc:196
20170929 07:47:42.664927Z  2909 INFO  load list meta block: 198 - db.cc:196
20170929 07:47:42.664947Z  2909 INFO  load list meta block: 391 - db.cc:196
20170929 07:47:42.664969Z  2909 INFO  load list meta block: 842 - db.cc:196
20170929 07:47:42.665007Z  2909 INFO  load list meta block: 103 - db.cc:196
20170929 07:47:42.665027Z  2909 INFO  load list meta block: 893 - db.cc:196
20170929 07:47:42.665048Z  2909 INFO  load list meta block: 620 - db.cc:196
20170929 07:47:42.665103Z  2909 INFO  load list meta block: mylist - db.cc:196
20170929 07:47:42.665158Z  2909 INFO  load list meta block: 450 - db.cc:196
20170929 07:47:42.665269Z  2909 INFO  load list meta block: 699 - db.cc:196
20170929 07:47:42.665307Z  2909 INFO  load list meta block: 981 - db.cc:196
20170929 07:47:42.665345Z  2909 INFO  load list meta block: 628 - db.cc:196
20170929 07:47:42.665365Z  2909 INFO  load list meta block: 994 - db.cc:196
20170929 07:47:42.665405Z  2909 INFO  load list meta block: 615 - db.cc:196
20170929 07:47:42.665459Z  2909 INFO  load list meta block: 678 - db.cc:196
20170929 07:47:42.665479Z  2909 INFO  load list meta block: 80 - db.cc:196
20170929 07:47:42.665532Z  2909 INFO  load list meta block: 458 - db.cc:196
20170929 07:47:42.665571Z  2909 INFO  load list meta block: 623 - db.cc:196
20170929 07:47:42.665589Z  2909 INFO  load list meta block: 898 - db.cc:196
2017092